<?xml version="1.0" encoding="UTF-8"?>
<!-- Generated by org.testng.reporters.JUnitReportReporter -->
<testsuite hostname="DESKTOP-FVL7V1F" failures="0" tests="1" name="testCases.DemoTest" time="0.011" errors="0" timestamp="2023-06-26T22:35:45 IST" skipped="0">
  <testcase classname="testCases.DemoTest" name="test1" time="0.011"/>
</testsuite> <!-- testCases.DemoTest -->
