<?xml version="1.0" encoding="UTF-8"?>
<!-- Generated by org.testng.reporters.JUnitReportReporter -->
<testsuite hostname="DESKTOP-FVL7V1F" failures="0" tests="1" name="testCases.classs" time="0.020" errors="0" timestamp="2023-06-28T13:30:42 IST" skipped="0">
  <testcase classname="testCases.classs" name="sendmail" time="0.020"/>
</testsuite> <!-- testCases.classs -->
