<?xml version="1.0" encoding="UTF-8"?>
<!-- Generated by org.testng.reporters.JUnitReportReporter -->
<testsuite hostname="DESKTOP-FVL7V1F" failures="0" tests="1" name="testCases.sendmail_Next" time="0.034" errors="0" timestamp="2023-11-08T15:42:00 IST" skipped="0">
  <testcase classname="testCases.sendmail_Next" name="sendmail" time="0.034"/>
</testsuite> <!-- testCases.sendmail_Next -->
