<?xml version="1.0" encoding="UTF-8"?>
<!-- Generated by org.testng.reporters.JUnitReportReporter -->
<testsuite hostname="DESKTOP-FVL7V1F" failures="0" tests="1" name="testCases.ReciveMailTest" time="0.010" errors="0" timestamp="2023-06-27T23:08:45 IST" skipped="0">
  <testcase classname="testCases.ReciveMailTest" name="Recivemail" time="0.010"/>
</testsuite> <!-- testCases.ReciveMailTest -->
